e:\私人\c++\map\peace\map\map\debug\vc142.pdb
e:\私人\c++\map\peace\map\map\debug\vc142.idb
e:\私人\c++\map\peace\map\map\debug\main.obj
e:\私人\c++\map\peace\map\map\debug\game_map.obj
e:\私人\c++\map\peace\map\map\debug\w_thread_mgr.obj
e:\私人\c++\map\peace\map\map\debug\w_thread.obj
e:\私人\c++\map\peace\map\map\debug\msg_mgr.obj
e:\私人\c++\map\peace\map\map\debug\msg.obj
e:\私人\c++\map\peace\map\map\debug\actor.obj
e:\私人\c++\map\peace\map\debug\map.pdb
e:\私人\c++\map\peace\map\map\debug\map.tlog\cl.command.1.tlog
e:\私人\c++\map\peace\map\map\debug\map.tlog\cl.read.1.tlog
e:\私人\c++\map\peace\map\map\debug\map.tlog\cl.write.1.tlog
e:\私人\c++\map\peace\map\map\debug\map.tlog\link-cvtres.read.1.tlog
e:\私人\c++\map\peace\map\map\debug\map.tlog\link-cvtres.write.1.tlog
e:\私人\c++\map\peace\map\map\debug\map.tlog\link-rc.read.1.tlog
e:\私人\c++\map\peace\map\map\debug\map.tlog\link-rc.write.1.tlog
e:\私人\c++\map\peace\map\map\debug\map.tlog\link.30892-cvtres.read.1.tlog
e:\私人\c++\map\peace\map\map\debug\map.tlog\link.30892-cvtres.write.1.tlog
e:\私人\c++\map\peace\map\map\debug\map.tlog\link.30892-rc.read.1.tlog
e:\私人\c++\map\peace\map\map\debug\map.tlog\link.30892-rc.write.1.tlog
e:\私人\c++\map\peace\map\map\debug\map.tlog\link.30892.read.1.tlog
e:\私人\c++\map\peace\map\map\debug\map.tlog\link.30892.write.1.tlog
e:\私人\c++\map\peace\map\map\debug\map.tlog\link.command.1.tlog
e:\私人\c++\map\peace\map\map\debug\map.tlog\link.delete.1.tlog
e:\私人\c++\map\peace\map\map\debug\map.tlog\link.read.1.tlog
e:\私人\c++\map\peace\map\map\debug\map.tlog\link.write.1.tlog
